2026-04-05 21:10:18,799 - INFO - ============================================================
2026-04-05 21:10:19,146 - INFO - ============================================================
2026-04-05 21:10:19,310 - INFO - package: mysql.connector.plugins
2026-04-05 21:10:19,312 - INFO - plugin_name: caching_sha2_password
2026-04-05 21:10:19,313 - INFO - AUTHENTICATION_PLUGIN_CLASS: MySQLCachingSHA2PasswordAuthPlugin
2026-04-05 21:10:19,340 - INFO - Loading Deep Learning Model...
2026-04-05 21:10:20,405 - WARNING - TensorFlow GPU support is not available on native Windows for TensorFlow >= 2.11. Even if CUDA/cuDNN are installed, GPU will not be used. Please use WSL2 or the TensorFlow-DirectML plugin.
2026-04-05 21:10:20,419 - WARNING - Compiled the loaded model, but the compiled metrics have yet to be built. `model.compile_metrics` will be empty until you train or evaluate the model.
2026-04-05 21:10:20,440 - INFO - ============================================================
2026-04-05 21:10:20,452 - INFO - ============================================================
2026-04-05 21:28:21,871 - INFO - ============================================================
2026-04-05 21:28:21,938 - INFO - ============================================================
2026-04-05 21:28:22,265 - INFO - package: mysql.connector.plugins
2026-04-05 21:28:22,266 - INFO - plugin_name: caching_sha2_password
2026-04-05 21:28:22,267 - INFO - AUTHENTICATION_PLUGIN_CLASS: MySQLCachingSHA2PasswordAuthPlugin
2026-04-05 21:28:22,288 - INFO - Loading Deep Learning Model...
2026-04-05 21:28:23,104 - WARNING - TensorFlow GPU support is not available on native Windows for TensorFlow >= 2.11. Even if CUDA/cuDNN are installed, GPU will not be used. Please use WSL2 or the TensorFlow-DirectML plugin.
2026-04-05 21:28:23,114 - WARNING - Compiled the loaded model, but the compiled metrics have yet to be built. `model.compile_metrics` will be empty until you train or evaluate the model.
2026-04-05 21:28:23,154 - INFO - ============================================================
2026-04-05 21:28:23,180 - INFO - ============================================================
2026-04-05 22:17:00,009 - INFO - ============================================================
2026-04-05 22:17:00,056 - INFO - ============================================================
2026-04-05 22:17:00,300 - INFO - package: mysql.connector.plugins
2026-04-05 22:17:00,301 - INFO - plugin_name: caching_sha2_password
2026-04-05 22:17:00,301 - INFO - AUTHENTICATION_PLUGIN_CLASS: MySQLCachingSHA2PasswordAuthPlugin
2026-04-05 22:17:00,320 - INFO - Loading Deep Learning Model...
2026-04-05 22:17:01,029 - WARNING - TensorFlow GPU support is not available on native Windows for TensorFlow >= 2.11. Even if CUDA/cuDNN are installed, GPU will not be used. Please use WSL2 or the TensorFlow-DirectML plugin.
2026-04-05 22:17:01,033 - WARNING - Compiled the loaded model, but the compiled metrics have yet to be built. `model.compile_metrics` will be empty until you train or evaluate the model.
2026-04-05 22:17:01,051 - INFO - ============================================================
2026-04-05 22:17:01,061 - INFO - ============================================================
2026-04-05 22:21:35,303 - INFO - Shutting down...
2026-04-05 22:32:27,181 - INFO - ============================================================
2026-04-05 22:32:27,211 - INFO - ============================================================
2026-04-05 22:32:27,341 - INFO - package: mysql.connector.plugins
2026-04-05 22:32:27,342 - INFO - plugin_name: caching_sha2_password
2026-04-05 22:32:27,342 - INFO - AUTHENTICATION_PLUGIN_CLASS: MySQLCachingSHA2PasswordAuthPlugin
2026-04-05 22:32:27,354 - INFO - Loading Deep Learning Model...
2026-04-05 22:32:27,781 - WARNING - TensorFlow GPU support is not available on native Windows for TensorFlow >= 2.11. Even if CUDA/cuDNN are installed, GPU will not be used. Please use WSL2 or the TensorFlow-DirectML plugin.
2026-04-05 22:32:27,785 - WARNING - Compiled the loaded model, but the compiled metrics have yet to be built. `model.compile_metrics` will be empty until you train or evaluate the model.
2026-04-05 22:32:27,817 - INFO - ============================================================
2026-04-05 22:32:27,832 - INFO - ============================================================
2026-04-05 22:58:19,901 - INFO - Shutting down...
2026-04-05 23:01:15,845 - INFO - ============================================================
2026-04-05 23:01:16,045 - INFO - ============================================================
2026-04-05 23:01:16,127 - INFO - package: mysql.connector.plugins
2026-04-05 23:01:16,127 - INFO - plugin_name: caching_sha2_password
2026-04-05 23:01:16,128 - INFO - AUTHENTICATION_PLUGIN_CLASS: MySQLCachingSHA2PasswordAuthPlugin
2026-04-05 23:01:16,137 - INFO - Loading Deep Learning Model...
2026-04-05 23:01:16,422 - WARNING - TensorFlow GPU support is not available on native Windows for TensorFlow >= 2.11. Even if CUDA/cuDNN are installed, GPU will not be used. Please use WSL2 or the TensorFlow-DirectML plugin.
2026-04-05 23:01:16,424 - WARNING - Compiled the loaded model, but the compiled metrics have yet to be built. `model.compile_metrics` will be empty until you train or evaluate the model.
2026-04-05 23:01:16,438 - INFO - ============================================================
2026-04-05 23:01:16,446 - INFO - ============================================================
2026-04-05 23:08:46,367 - INFO - ============================================================
2026-04-05 23:08:46,375 - INFO - ============================================================
2026-04-05 23:08:46,442 - INFO - package: mysql.connector.plugins
2026-04-05 23:08:46,442 - INFO - plugin_name: caching_sha2_password
2026-04-05 23:08:46,442 - INFO - AUTHENTICATION_PLUGIN_CLASS: MySQLCachingSHA2PasswordAuthPlugin
2026-04-05 23:08:46,448 - INFO - Loading Deep Learning Model...
2026-04-05 23:08:46,653 - WARNING - TensorFlow GPU support is not available on native Windows for TensorFlow >= 2.11. Even if CUDA/cuDNN are installed, GPU will not be used. Please use WSL2 or the TensorFlow-DirectML plugin.
2026-04-05 23:08:46,656 - WARNING - Compiled the loaded model, but the compiled metrics have yet to be built. `model.compile_metrics` will be empty until you train or evaluate the model.
2026-04-05 23:08:46,664 - INFO - ============================================================
2026-04-05 23:08:46,671 - INFO - ============================================================
2026-04-05 23:17:54,119 - INFO - Shutting down...
2026-04-05 23:17:59,677 - INFO - ============================================================
2026-04-05 23:17:59,685 - INFO - ============================================================
2026-04-05 23:17:59,752 - INFO - package: mysql.connector.plugins
2026-04-05 23:17:59,752 - INFO - plugin_name: caching_sha2_password
2026-04-05 23:17:59,753 - INFO - AUTHENTICATION_PLUGIN_CLASS: MySQLCachingSHA2PasswordAuthPlugin
2026-04-05 23:17:59,758 - INFO - Loading Deep Learning Model...
2026-04-05 23:17:59,919 - WARNING - TensorFlow GPU support is not available on native Windows for TensorFlow >= 2.11. Even if CUDA/cuDNN are installed, GPU will not be used. Please use WSL2 or the TensorFlow-DirectML plugin.
2026-04-05 23:17:59,921 - WARNING - Compiled the loaded model, but the compiled metrics have yet to be built. `model.compile_metrics` will be empty until you train or evaluate the model.
2026-04-05 23:17:59,938 - INFO - ============================================================
2026-04-05 23:17:59,943 - INFO - ============================================================
2026-04-05 23:19:04,922 - INFO - ============================================================
2026-04-05 23:19:04,931 - INFO - ============================================================
2026-04-05 23:19:05,000 - INFO - package: mysql.connector.plugins
2026-04-05 23:19:05,000 - INFO - plugin_name: caching_sha2_password
2026-04-05 23:19:05,000 - INFO - AUTHENTICATION_PLUGIN_CLASS: MySQLCachingSHA2PasswordAuthPlugin
2026-04-05 23:19:05,008 - INFO - Loading Deep Learning Model...
2026-04-05 23:19:05,188 - WARNING - TensorFlow GPU support is not available on native Windows for TensorFlow >= 2.11. Even if CUDA/cuDNN are installed, GPU will not be used. Please use WSL2 or the TensorFlow-DirectML plugin.
2026-04-05 23:19:05,190 - WARNING - Compiled the loaded model, but the compiled metrics have yet to be built. `model.compile_metrics` will be empty until you train or evaluate the model.
2026-04-05 23:19:05,207 - INFO - ============================================================
2026-04-05 23:19:05,215 - INFO - ============================================================
2026-04-05 23:21:59,283 - INFO - Shutting down...
2026-04-05 23:22:04,741 - INFO - ============================================================
2026-04-05 23:22:04,751 - INFO - ============================================================
2026-04-05 23:22:04,842 - INFO - package: mysql.connector.plugins
2026-04-05 23:22:04,843 - INFO - plugin_name: caching_sha2_password
2026-04-05 23:22:04,843 - INFO - AUTHENTICATION_PLUGIN_CLASS: MySQLCachingSHA2PasswordAuthPlugin
2026-04-05 23:22:04,850 - INFO - Loading Deep Learning Model...
2026-04-05 23:22:05,065 - WARNING - TensorFlow GPU support is not available on native Windows for TensorFlow >= 2.11. Even if CUDA/cuDNN are installed, GPU will not be used. Please use WSL2 or the TensorFlow-DirectML plugin.
2026-04-05 23:22:05,069 - WARNING - Compiled the loaded model, but the compiled metrics have yet to be built. `model.compile_metrics` will be empty until you train or evaluate the model.
2026-04-05 23:22:05,102 - INFO - ============================================================
2026-04-05 23:22:05,112 - INFO - ============================================================
2026-04-05 23:22:05,228 - INFO - Shutting down...
2026-04-05 23:22:10,144 - INFO - ============================================================
2026-04-05 23:22:10,154 - INFO - ============================================================
2026-04-05 23:22:10,214 - INFO - package: mysql.connector.plugins
2026-04-05 23:22:10,214 - INFO - plugin_name: caching_sha2_password
2026-04-05 23:22:10,214 - INFO - AUTHENTICATION_PLUGIN_CLASS: MySQLCachingSHA2PasswordAuthPlugin
2026-04-05 23:22:10,222 - INFO - Loading Deep Learning Model...
2026-04-05 23:22:10,389 - WARNING - TensorFlow GPU support is not available on native Windows for TensorFlow >= 2.11. Even if CUDA/cuDNN are installed, GPU will not be used. Please use WSL2 or the TensorFlow-DirectML plugin.
2026-04-05 23:22:10,391 - WARNING - Compiled the loaded model, but the compiled metrics have yet to be built. `model.compile_metrics` will be empty until you train or evaluate the model.
2026-04-05 23:22:10,408 - INFO - ============================================================
2026-04-05 23:22:10,414 - INFO - ============================================================
2026-04-05 23:22:10,526 - INFO - Shutting down...
2026-04-05 23:22:15,204 - INFO - ============================================================
2026-04-05 23:22:15,212 - INFO - ============================================================
2026-04-05 23:22:15,275 - INFO - package: mysql.connector.plugins
2026-04-05 23:22:15,275 - INFO - plugin_name: caching_sha2_password
2026-04-05 23:22:15,275 - INFO - AUTHENTICATION_PLUGIN_CLASS: MySQLCachingSHA2PasswordAuthPlugin
2026-04-05 23:22:15,282 - INFO - Loading Deep Learning Model...
2026-04-05 23:22:15,443 - WARNING - TensorFlow GPU support is not available on native Windows for TensorFlow >= 2.11. Even if CUDA/cuDNN are installed, GPU will not be used. Please use WSL2 or the TensorFlow-DirectML plugin.
2026-04-05 23:22:15,446 - WARNING - Compiled the loaded model, but the compiled metrics have yet to be built. `model.compile_metrics` will be empty until you train or evaluate the model.
2026-04-05 23:22:15,462 - INFO - ============================================================
2026-04-05 23:22:15,468 - INFO - ============================================================
2026-04-05 23:33:05,130 - INFO - Shutting down...
2026-04-05 23:33:10,615 - INFO - ============================================================
2026-04-05 23:33:10,624 - INFO - ============================================================
2026-04-05 23:33:10,706 - INFO - package: mysql.connector.plugins
2026-04-05 23:33:10,706 - INFO - plugin_name: caching_sha2_password
2026-04-05 23:33:10,706 - INFO - AUTHENTICATION_PLUGIN_CLASS: MySQLCachingSHA2PasswordAuthPlugin
2026-04-05 23:33:10,715 - INFO - Loading Deep Learning Model...
2026-04-05 23:33:11,000 - WARNING - TensorFlow GPU support is not available on native Windows for TensorFlow >= 2.11. Even if CUDA/cuDNN are installed, GPU will not be used. Please use WSL2 or the TensorFlow-DirectML plugin.
2026-04-05 23:33:11,003 - WARNING - Compiled the loaded model, but the compiled metrics have yet to be built. `model.compile_metrics` will be empty until you train or evaluate the model.
2026-04-05 23:33:11,025 - INFO - ============================================================
2026-04-05 23:33:11,034 - INFO - ============================================================
2026-04-05 23:33:28,538 - INFO - Shutting down...
2026-04-05 23:33:34,248 - INFO - ============================================================
2026-04-05 23:33:34,257 - INFO - ============================================================
2026-04-05 23:33:34,320 - INFO - package: mysql.connector.plugins
2026-04-05 23:33:34,320 - INFO - plugin_name: caching_sha2_password
2026-04-05 23:33:34,320 - INFO - AUTHENTICATION_PLUGIN_CLASS: MySQLCachingSHA2PasswordAuthPlugin
2026-04-05 23:33:34,327 - INFO - Loading Deep Learning Model...
2026-04-05 23:33:34,492 - WARNING - TensorFlow GPU support is not available on native Windows for TensorFlow >= 2.11. Even if CUDA/cuDNN are installed, GPU will not be used. Please use WSL2 or the TensorFlow-DirectML plugin.
2026-04-05 23:33:34,494 - WARNING - Compiled the loaded model, but the compiled metrics have yet to be built. `model.compile_metrics` will be empty until you train or evaluate the model.
2026-04-05 23:33:34,512 - INFO - ============================================================
2026-04-05 23:33:34,518 - INFO - ============================================================
2026-04-05 23:35:56,581 - INFO - Shutting down...
2026-04-05 23:36:01,578 - INFO - ============================================================
2026-04-05 23:36:01,586 - INFO - ============================================================
2026-04-05 23:36:01,649 - INFO - package: mysql.connector.plugins
2026-04-05 23:36:01,650 - INFO - plugin_name: caching_sha2_password
2026-04-05 23:36:01,650 - INFO - AUTHENTICATION_PLUGIN_CLASS: MySQLCachingSHA2PasswordAuthPlugin
2026-04-05 23:36:01,655 - INFO - Loading Deep Learning Model...
2026-04-05 23:36:01,826 - WARNING - TensorFlow GPU support is not available on native Windows for TensorFlow >= 2.11. Even if CUDA/cuDNN are installed, GPU will not be used. Please use WSL2 or the TensorFlow-DirectML plugin.
2026-04-05 23:36:01,829 - WARNING - Compiled the loaded model, but the compiled metrics have yet to be built. `model.compile_metrics` will be empty until you train or evaluate the model.
2026-04-05 23:36:01,851 - INFO - ============================================================
2026-04-05 23:36:01,856 - INFO - ============================================================
2026-04-05 23:36:37,144 - INFO - 
**********************************************************************
2026-04-05 23:36:37,150 - INFO - **********************************************************************

2026-04-05 23:36:37,151 - INFO - 
======================================================================
2026-04-05 23:36:37,157 - INFO - ======================================================================
2026-04-05 23:36:37,210 - INFO - ======================================================================

2026-04-05 23:36:37,437 - INFO - **********************************************************************

2026-04-05 23:36:37,461 - INFO - 
**********************************************************************
2026-04-05 23:36:37,466 - INFO - **********************************************************************

2026-04-05 23:36:37,467 - INFO - 
======================================================================
2026-04-05 23:36:37,472 - INFO - ======================================================================
2026-04-05 23:36:37,576 - INFO - ======================================================================

2026-04-05 23:36:37,673 - INFO - **********************************************************************

2026-04-05 23:36:50,130 - INFO - Shutting down...
2026-04-05 23:36:55,835 - INFO - ============================================================
2026-04-05 23:36:55,843 - INFO - ============================================================
2026-04-05 23:36:55,904 - INFO - package: mysql.connector.plugins
2026-04-05 23:36:55,904 - INFO - plugin_name: caching_sha2_password
2026-04-05 23:36:55,905 - INFO - AUTHENTICATION_PLUGIN_CLASS: MySQLCachingSHA2PasswordAuthPlugin
2026-04-05 23:36:55,911 - INFO - Loading Deep Learning Model...
2026-04-05 23:36:56,107 - WARNING - TensorFlow GPU support is not available on native Windows for TensorFlow >= 2.11. Even if CUDA/cuDNN are installed, GPU will not be used. Please use WSL2 or the TensorFlow-DirectML plugin.
2026-04-05 23:36:56,109 - WARNING - Compiled the loaded model, but the compiled metrics have yet to be built. `model.compile_metrics` will be empty until you train or evaluate the model.
2026-04-05 23:36:56,141 - INFO - ============================================================
2026-04-05 23:36:56,148 - INFO - ============================================================
2026-04-05 23:36:56,255 - INFO - Shutting down...
2026-04-05 23:37:01,610 - INFO - ============================================================
2026-04-05 23:37:01,622 - INFO - ============================================================
2026-04-05 23:37:01,745 - INFO - package: mysql.connector.plugins
2026-04-05 23:37:01,745 - INFO - plugin_name: caching_sha2_password
2026-04-05 23:37:01,745 - INFO - AUTHENTICATION_PLUGIN_CLASS: MySQLCachingSHA2PasswordAuthPlugin
2026-04-05 23:37:01,752 - INFO - Loading Deep Learning Model...
2026-04-05 23:37:01,978 - WARNING - TensorFlow GPU support is not available on native Windows for TensorFlow >= 2.11. Even if CUDA/cuDNN are installed, GPU will not be used. Please use WSL2 or the TensorFlow-DirectML plugin.
2026-04-05 23:37:01,980 - WARNING - Compiled the loaded model, but the compiled metrics have yet to be built. `model.compile_metrics` will be empty until you train or evaluate the model.
2026-04-05 23:37:02,003 - INFO - ============================================================
2026-04-05 23:37:02,012 - INFO - ============================================================
2026-04-05 23:37:06,861 - INFO - 
**********************************************************************
2026-04-05 23:37:06,868 - INFO - **********************************************************************

2026-04-05 23:37:06,868 - INFO - 
======================================================================
2026-04-05 23:37:06,874 - INFO - ======================================================================
2026-04-05 23:37:06,919 - INFO - ======================================================================

2026-04-05 23:37:07,137 - INFO - **********************************************************************

2026-04-05 23:37:07,159 - INFO - 
**********************************************************************
2026-04-05 23:37:07,164 - INFO - **********************************************************************

2026-04-05 23:37:07,164 - INFO - 
======================================================================
2026-04-05 23:37:07,209 - INFO - ======================================================================
2026-04-05 23:37:07,265 - INFO - ======================================================================

2026-04-05 23:37:07,358 - INFO - **********************************************************************

2026-04-05 23:37:22,947 - INFO - 
**********************************************************************
2026-04-05 23:37:22,952 - INFO - **********************************************************************

2026-04-05 23:37:22,952 - INFO - 
======================================================================
2026-04-05 23:37:22,958 - INFO - ======================================================================
2026-04-05 23:37:23,002 - INFO - ======================================================================

2026-04-05 23:37:23,104 - INFO - **********************************************************************

2026-04-05 23:37:23,127 - INFO - 
**********************************************************************
2026-04-05 23:37:23,132 - INFO - **********************************************************************

2026-04-05 23:37:23,132 - INFO - 
======================================================================
2026-04-05 23:37:23,137 - INFO - ======================================================================
2026-04-05 23:37:23,180 - INFO - ======================================================================

2026-04-05 23:37:23,274 - INFO - **********************************************************************

2026-04-05 23:37:50,636 - INFO - 
**********************************************************************
2026-04-05 23:37:50,641 - INFO - **********************************************************************

2026-04-05 23:37:50,641 - INFO - 
======================================================================
2026-04-05 23:37:50,648 - INFO - ======================================================================
2026-04-05 23:37:50,699 - INFO - ======================================================================

2026-04-05 23:37:50,800 - INFO - **********************************************************************

2026-04-05 23:37:50,863 - INFO - 
**********************************************************************
2026-04-05 23:37:50,869 - INFO - **********************************************************************

2026-04-05 23:37:50,870 - INFO - 
======================================================================
2026-04-05 23:37:50,875 - INFO - ======================================================================
2026-04-05 23:37:50,915 - INFO - ======================================================================

2026-04-05 23:37:51,014 - INFO - **********************************************************************

2026-04-05 23:37:51,028 - INFO - 
**********************************************************************
2026-04-05 23:37:51,032 - INFO - **********************************************************************

2026-04-05 23:37:51,032 - INFO - 
======================================================================
2026-04-05 23:37:51,038 - INFO - ======================================================================
2026-04-05 23:37:51,078 - INFO - ======================================================================

2026-04-05 23:37:51,180 - INFO - **********************************************************************

2026-04-05 23:37:51,199 - INFO - 
**********************************************************************
2026-04-05 23:37:51,204 - INFO - **********************************************************************

2026-04-05 23:37:51,205 - INFO - 
======================================================================
2026-04-05 23:37:51,212 - INFO - ======================================================================
2026-04-05 23:37:51,278 - INFO - ======================================================================

2026-04-05 23:37:51,412 - INFO - **********************************************************************

2026-04-05 23:37:51,436 - INFO - 
**********************************************************************
2026-04-05 23:37:51,442 - INFO - **********************************************************************

2026-04-05 23:37:51,442 - INFO - 
======================================================================
2026-04-05 23:37:51,448 - INFO - ======================================================================
2026-04-05 23:37:51,498 - INFO - ======================================================================

2026-04-05 23:37:51,598 - INFO - **********************************************************************

2026-04-05 23:37:51,699 - INFO - 
**********************************************************************
2026-04-05 23:37:51,705 - INFO - **********************************************************************

2026-04-05 23:37:51,705 - INFO - 
======================================================================
2026-04-05 23:37:51,709 - INFO - ======================================================================
2026-04-05 23:37:51,859 - INFO - ======================================================================

2026-04-05 23:37:51,966 - INFO - **********************************************************************

2026-04-05 23:42:17,968 - INFO - 
**********************************************************************
2026-04-05 23:42:17,976 - INFO - **********************************************************************

2026-04-05 23:42:17,976 - INFO - 
======================================================================
2026-04-05 23:42:17,984 - INFO - ======================================================================
2026-04-05 23:42:18,052 - INFO - ======================================================================

2026-04-05 23:42:18,221 - INFO - **********************************************************************

2026-04-05 23:42:18,250 - INFO - 
**********************************************************************
2026-04-05 23:42:18,263 - INFO - **********************************************************************

2026-04-05 23:42:18,263 - INFO - 
======================================================================
2026-04-05 23:42:18,271 - INFO - ======================================================================
2026-04-05 23:42:18,347 - INFO - ======================================================================

2026-04-05 23:42:18,558 - INFO - **********************************************************************

2026-04-05 23:42:18,601 - INFO - 
**********************************************************************
2026-04-05 23:42:18,617 - INFO - **********************************************************************

2026-04-05 23:42:18,618 - INFO - 
======================================================================
2026-04-05 23:42:18,632 - INFO - ======================================================================
2026-04-05 23:42:18,735 - INFO - ======================================================================

2026-04-05 23:42:18,918 - INFO - **********************************************************************

2026-04-05 23:42:18,937 - INFO - 
**********************************************************************
2026-04-05 23:42:18,944 - INFO - **********************************************************************

2026-04-05 23:42:18,944 - INFO - 
======================================================================
2026-04-05 23:42:18,950 - INFO - ======================================================================
2026-04-05 23:42:19,011 - INFO - ======================================================================

2026-04-05 23:42:19,145 - INFO - **********************************************************************

2026-04-05 23:42:19,168 - INFO - 
**********************************************************************
2026-04-05 23:42:19,173 - INFO - **********************************************************************

2026-04-05 23:42:19,174 - INFO - 
======================================================================
2026-04-05 23:42:19,179 - INFO - ======================================================================
2026-04-05 23:42:19,243 - INFO - ======================================================================

2026-04-05 23:42:19,409 - INFO - **********************************************************************

2026-04-05 23:42:19,460 - INFO - 
**********************************************************************
2026-04-05 23:42:19,465 - INFO - **********************************************************************

2026-04-05 23:42:19,466 - INFO - 
======================================================================
2026-04-05 23:42:19,471 - INFO - ======================================================================
2026-04-05 23:42:19,653 - INFO - ======================================================================

2026-04-05 23:42:19,800 - INFO - **********************************************************************

2026-04-05 23:42:19,826 - INFO - 
**********************************************************************
2026-04-05 23:42:19,834 - INFO - **********************************************************************

2026-04-05 23:42:19,834 - INFO - 
======================================================================
2026-04-05 23:42:19,842 - INFO - ======================================================================
2026-04-05 23:42:19,912 - INFO - ======================================================================

2026-04-05 23:42:20,043 - INFO - **********************************************************************

2026-04-06 10:49:24,776 - INFO - ============================================================
2026-04-06 10:49:25,017 - INFO - ============================================================
2026-04-06 10:49:25,153 - INFO - package: mysql.connector.plugins
2026-04-06 10:49:25,154 - INFO - plugin_name: caching_sha2_password
2026-04-06 10:49:25,154 - INFO - AUTHENTICATION_PLUGIN_CLASS: MySQLCachingSHA2PasswordAuthPlugin
2026-04-06 10:49:25,182 - INFO - Loading Deep Learning Model...
2026-04-06 10:49:25,760 - WARNING - TensorFlow GPU support is not available on native Windows for TensorFlow >= 2.11. Even if CUDA/cuDNN are installed, GPU will not be used. Please use WSL2 or the TensorFlow-DirectML plugin.
2026-04-06 10:49:25,764 - WARNING - Compiled the loaded model, but the compiled metrics have yet to be built. `model.compile_metrics` will be empty until you train or evaluate the model.
2026-04-06 10:49:25,797 - INFO - ============================================================
2026-04-06 10:49:25,811 - INFO - ============================================================
2026-04-06 10:51:09,595 - INFO - 
**********************************************************************
2026-04-06 10:51:09,625 - INFO - **********************************************************************

2026-04-06 10:51:09,626 - INFO - 
======================================================================
2026-04-06 10:51:09,652 - INFO - ======================================================================
2026-04-06 10:51:09,830 - INFO - ======================================================================

2026-04-06 10:51:11,102 - INFO - **********************************************************************

2026-04-06 10:51:11,167 - INFO - 
**********************************************************************
2026-04-06 10:51:11,185 - INFO - **********************************************************************

2026-04-06 10:51:11,186 - INFO - 
======================================================================
2026-04-06 10:51:11,203 - INFO - ======================================================================
2026-04-06 10:51:11,357 - INFO - ======================================================================

2026-04-06 10:51:11,743 - INFO - **********************************************************************

2026-04-06 10:51:11,815 - INFO - 
**********************************************************************
2026-04-06 10:51:11,832 - INFO - **********************************************************************

2026-04-06 10:51:11,833 - INFO - 
======================================================================
2026-04-06 10:51:11,850 - INFO - ======================================================================
2026-04-06 10:51:12,008 - INFO - ======================================================================

2026-04-06 10:51:12,366 - INFO - **********************************************************************

2026-04-06 10:51:12,441 - INFO - 
**********************************************************************
2026-04-06 10:51:12,457 - INFO - **********************************************************************

2026-04-06 10:51:12,458 - INFO - 
======================================================================
2026-04-06 10:51:12,475 - INFO - ======================================================================
2026-04-06 10:51:12,635 - INFO - ======================================================================

2026-04-06 10:51:13,106 - INFO - **********************************************************************

2026-04-06 10:51:13,174 - INFO - 
**********************************************************************
2026-04-06 10:51:13,186 - INFO - **********************************************************************

2026-04-06 10:51:13,186 - INFO - 
======================================================================
2026-04-06 10:51:13,200 - INFO - ======================================================================
2026-04-06 10:51:13,313 - INFO - ======================================================================

2026-04-06 10:51:13,684 - INFO - **********************************************************************

2026-04-06 10:51:13,763 - INFO - 
**********************************************************************
2026-04-06 10:51:13,782 - INFO - **********************************************************************

2026-04-06 10:51:13,782 - INFO - 
======================================================================
2026-04-06 10:51:13,796 - INFO - ======================================================================
2026-04-06 10:51:13,927 - INFO - ======================================================================

2026-04-06 10:51:14,312 - INFO - **********************************************************************

2026-04-06 10:51:14,460 - INFO - 
**********************************************************************
2026-04-06 10:51:14,478 - INFO - **********************************************************************

2026-04-06 10:51:14,479 - INFO - 
======================================================================
2026-04-06 10:51:14,498 - INFO - ======================================================================
2026-04-06 10:51:15,061 - INFO - ======================================================================

2026-04-06 10:51:15,462 - INFO - **********************************************************************

2026-04-06 10:51:15,526 - INFO - 
**********************************************************************
2026-04-06 10:51:15,544 - INFO - **********************************************************************

2026-04-06 10:51:15,545 - INFO - 
======================================================================
2026-04-06 10:51:15,563 - INFO - ======================================================================
2026-04-06 10:51:15,724 - INFO - ======================================================================

2026-04-06 10:51:16,084 - INFO - **********************************************************************

2026-04-06 11:00:33,657 - INFO - ============================================================
2026-04-06 11:00:34,398 - INFO - ============================================================
2026-04-06 11:00:34,621 - INFO - package: mysql.connector.plugins
2026-04-06 11:00:34,622 - INFO - plugin_name: caching_sha2_password
2026-04-06 11:00:34,622 - INFO - AUTHENTICATION_PLUGIN_CLASS: MySQLCachingSHA2PasswordAuthPlugin
2026-04-06 11:00:34,678 - INFO - Loading Deep Learning Model...
2026-04-06 11:00:35,510 - WARNING - TensorFlow GPU support is not available on native Windows for TensorFlow >= 2.11. Even if CUDA/cuDNN are installed, GPU will not be used. Please use WSL2 or the TensorFlow-DirectML plugin.
2026-04-06 11:00:35,520 - WARNING - Compiled the loaded model, but the compiled metrics have yet to be built. `model.compile_metrics` will be empty until you train or evaluate the model.
2026-04-06 11:00:35,610 - INFO - ============================================================
2026-04-06 11:00:35,639 - INFO - ============================================================
2026-04-06 11:00:58,319 - INFO - 
**********************************************************************
2026-04-06 11:00:58,336 - INFO - **********************************************************************

2026-04-06 11:00:58,337 - INFO - 
======================================================================
2026-04-06 11:00:58,356 - INFO - ======================================================================
2026-04-06 11:00:58,529 - INFO - ======================================================================

2026-04-06 11:00:59,449 - INFO - **********************************************************************

2026-04-06 11:00:59,527 - INFO - 
**********************************************************************
2026-04-06 11:00:59,544 - INFO - **********************************************************************

2026-04-06 11:00:59,545 - INFO - 
======================================================================
2026-04-06 11:00:59,668 - INFO - ======================================================================
2026-04-06 11:00:59,829 - INFO - ======================================================================

2026-04-06 11:01:00,257 - INFO - **********************************************************************

2026-04-06 11:01:10,219 - INFO - 
**********************************************************************
2026-04-06 11:01:10,236 - INFO - **********************************************************************

2026-04-06 11:01:10,237 - INFO - 
======================================================================
2026-04-06 11:01:10,254 - INFO - ======================================================================
2026-04-06 11:01:10,459 - INFO - ======================================================================

2026-04-06 11:01:10,873 - INFO - **********************************************************************

2026-04-06 11:01:10,942 - INFO - 
**********************************************************************
2026-04-06 11:01:10,955 - INFO - **********************************************************************

2026-04-06 11:01:10,956 - INFO - 
======================================================================
2026-04-06 11:01:10,973 - INFO - ======================================================================
2026-04-06 11:01:11,110 - INFO - ======================================================================

2026-04-06 11:01:11,509 - INFO - **********************************************************************

2026-04-06 11:01:11,583 - INFO - 
**********************************************************************
2026-04-06 11:01:11,600 - INFO - **********************************************************************

2026-04-06 11:01:11,601 - INFO - 
======================================================================
2026-04-06 11:01:11,621 - INFO - ======================================================================
2026-04-06 11:01:11,876 - INFO - ======================================================================

2026-04-06 11:01:12,253 - INFO - **********************************************************************

2026-04-06 11:01:12,316 - INFO - 
**********************************************************************
2026-04-06 11:01:12,333 - INFO - **********************************************************************

2026-04-06 11:01:12,334 - INFO - 
======================================================================
2026-04-06 11:01:12,352 - INFO - ======================================================================
2026-04-06 11:01:12,512 - INFO - ======================================================================

2026-04-06 11:01:12,918 - INFO - **********************************************************************

2026-04-06 11:01:12,967 - INFO - 
**********************************************************************
2026-04-06 11:01:12,985 - INFO - **********************************************************************

2026-04-06 11:01:12,986 - INFO - 
======================================================================
2026-04-06 11:01:13,004 - INFO - ======================================================================
2026-04-06 11:01:13,157 - INFO - ======================================================================

2026-04-06 11:01:13,543 - INFO - **********************************************************************

2026-04-06 11:01:34,990 - INFO - Shutting down...
2026-04-06 11:16:59,910 - INFO - ============================================================
2026-04-06 11:16:59,923 - INFO - ============================================================
2026-04-06 11:17:00,011 - INFO - package: mysql.connector.plugins
2026-04-06 11:17:00,012 - INFO - plugin_name: caching_sha2_password
2026-04-06 11:17:00,012 - INFO - AUTHENTICATION_PLUGIN_CLASS: MySQLCachingSHA2PasswordAuthPlugin
2026-04-06 11:17:00,022 - INFO - Loading Deep Learning Model...
2026-04-06 11:17:00,292 - WARNING - TensorFlow GPU support is not available on native Windows for TensorFlow >= 2.11. Even if CUDA/cuDNN are installed, GPU will not be used. Please use WSL2 or the TensorFlow-DirectML plugin.
2026-04-06 11:17:00,295 - WARNING - Compiled the loaded model, but the compiled metrics have yet to be built. `model.compile_metrics` will be empty until you train or evaluate the model.
2026-04-06 11:17:00,326 - INFO - ============================================================
2026-04-06 11:17:00,333 - INFO - ============================================================
2026-04-06 11:24:50,584 - INFO - 
**********************************************************************
2026-04-06 11:24:50,600 - INFO - **********************************************************************

2026-04-06 11:24:50,600 - INFO - 
======================================================================
2026-04-06 11:24:50,621 - INFO - ======================================================================
2026-04-06 11:24:50,786 - INFO - ======================================================================

2026-04-06 11:24:51,869 - INFO - **********************************************************************

2026-04-06 11:24:51,959 - INFO - 
**********************************************************************
2026-04-06 11:24:51,979 - INFO - **********************************************************************

2026-04-06 11:24:51,980 - INFO - 
======================================================================
2026-04-06 11:24:51,998 - INFO - ======================================================================
2026-04-06 11:24:52,172 - INFO - ======================================================================

2026-04-06 11:24:52,562 - INFO - **********************************************************************

2026-04-06 11:24:52,636 - INFO - 
**********************************************************************
2026-04-06 11:24:52,653 - INFO - **********************************************************************

2026-04-06 11:24:52,654 - INFO - 
======================================================================
2026-04-06 11:24:52,672 - INFO - ======================================================================
2026-04-06 11:24:52,824 - INFO - ======================================================================

2026-04-06 11:24:53,189 - INFO - **********************************************************************

2026-04-06 11:24:53,261 - INFO - 
**********************************************************************
2026-04-06 11:24:53,280 - INFO - **********************************************************************

2026-04-06 11:24:53,281 - INFO - 
======================================================================
2026-04-06 11:24:53,300 - INFO - ======================================================================
2026-04-06 11:24:53,584 - INFO - ======================================================================

2026-04-06 11:24:53,957 - INFO - **********************************************************************

2026-04-06 11:24:54,019 - INFO - 
**********************************************************************
2026-04-06 11:24:54,035 - INFO - **********************************************************************

2026-04-06 11:24:54,036 - INFO - 
======================================================================
2026-04-06 11:24:54,053 - INFO - ======================================================================
2026-04-06 11:24:54,207 - INFO - ======================================================================

2026-04-06 11:24:54,578 - INFO - **********************************************************************

2026-04-06 11:24:54,630 - INFO - 
**********************************************************************
2026-04-06 11:24:54,647 - INFO - **********************************************************************

2026-04-06 11:24:54,648 - INFO - 
======================================================================
2026-04-06 11:24:54,667 - INFO - ======================================================================
2026-04-06 11:24:54,821 - INFO - ======================================================================

2026-04-06 11:24:55,197 - INFO - **********************************************************************

2026-04-06 11:24:55,268 - INFO - 
**********************************************************************
2026-04-06 11:24:55,286 - INFO - **********************************************************************

2026-04-06 11:24:55,286 - INFO - 
======================================================================
2026-04-06 11:24:55,304 - INFO - ======================================================================
2026-04-06 11:24:55,501 - INFO - ======================================================================

2026-04-06 11:24:55,896 - INFO - **********************************************************************

2026-04-06 11:24:56,116 - INFO - 
**********************************************************************
2026-04-06 11:24:56,135 - INFO - **********************************************************************

2026-04-06 11:24:56,136 - INFO - 
======================================================================
2026-04-06 11:24:56,153 - INFO - ======================================================================
2026-04-06 11:24:56,728 - INFO - ======================================================================

2026-04-06 11:24:57,093 - INFO - **********************************************************************

2026-04-06 11:24:57,170 - INFO - 
**********************************************************************
2026-04-06 11:24:57,188 - INFO - **********************************************************************

2026-04-06 11:24:57,189 - INFO - 
======================================================================
2026-04-06 11:24:57,208 - INFO - ======================================================================
2026-04-06 11:24:57,380 - INFO - ======================================================================

2026-04-06 11:24:57,761 - INFO - **********************************************************************

2026-04-06 11:49:35,595 - INFO - 
**********************************************************************
2026-04-06 11:49:35,608 - INFO - **********************************************************************

2026-04-06 11:49:35,609 - INFO - 
======================================================================
2026-04-06 11:49:35,624 - INFO - ======================================================================
2026-04-06 11:49:35,747 - INFO - ======================================================================

2026-04-06 11:49:36,178 - INFO - **********************************************************************

2026-04-06 12:50:15,972 - INFO - Shutting down...
